[0m10:49:43.615766 [debug] [MainThread]: Sending event: {'category': 'dbt', 'action': 'invocation', 'label': 'start', 'context': [<snowplow_tracker.self_describing_json.SelfDescribingJson object at 0x00000211F2D9C4F0>, <snowplow_tracker.self_describing_json.SelfDescribingJson object at 0x00000211F4CEDAF0>, <snowplow_tracker.self_describing_json.SelfDescribingJson object at 0x00000211F4CED160>]}


============================== 10:49:43.631690 | 4b301cf9-f4da-40fb-9c08-e6e4378d154e ==============================
[0m10:49:43.631690 [info ] [MainThread]: Running with dbt=1.5.2
[0m10:49:43.631690 [debug] [MainThread]: running dbt with arguments {'printer_width': '80', 'indirect_selection': 'eager', 'write_json': 'True', 'log_cache_events': 'False', 'partial_parse': 'True', 'cache_selected_only': 'False', 'warn_error': 'None', 'version_check': 'True', 'debug': 'False', 'log_path': 'logs', 'fail_fast': 'False', 'profiles_dir': 'C:\\Users\\NinadVishwasRathkant\\.dbt', 'use_colors': 'True', 'use_experimental_parser': 'False', 'no_print': 'None', 'quiet': 'False', 'warn_error_options': 'WarnErrorOptions(include=[], exclude=[])', 'introspect': 'True', 'log_format': 'default', 'static_parser': 'True', 'target_path': 'None', 'send_anonymous_usage_stats': 'True'}
[0m10:49:56.152724 [debug] [MainThread]: Starter project path: c:\users\ninadvishwasrathkant\.pyenv\pyenv-win\versions\3.8.10\lib\site-packages\dbt\include\starter_project
[0m10:51:53.508857 [info ] [MainThread]: Profile ninad_poc written to C:\Users\NinadVishwasRathkant\.dbt\profiles.yml using target's profile_template.yml and your supplied values. Run 'dbt debug' to validate the connection.
[0m10:51:53.513460 [info ] [MainThread]: 
Your new dbt project "ninad_poc" was created!

For more information on how to configure the profiles.yml file,
please consult the dbt documentation here:

  https://docs.getdbt.com/docs/configure-your-profile

One more thing:

Need help? Don't hesitate to reach out to us via GitHub issues or on Slack:

  https://community.getdbt.com/

Happy modeling!

[0m10:51:53.522458 [debug] [MainThread]: Command `dbt init` succeeded at 10:51:53.522458 after 129.94 seconds
[0m10:51:53.523470 [debug] [MainThread]: Sending event: {'category': 'dbt', 'action': 'invocation', 'label': 'end', 'context': [<snowplow_tracker.self_describing_json.SelfDescribingJson object at 0x00000211F2D9C4F0>, <snowplow_tracker.self_describing_json.SelfDescribingJson object at 0x00000211F4CEDB20>, <snowplow_tracker.self_describing_json.SelfDescribingJson object at 0x00000211F4CEDA30>]}
[0m10:51:53.523470 [debug] [MainThread]: Flushing usage events
[0m10:52:31.280023 [debug] [MainThread]: Sending event: {'category': 'dbt', 'action': 'invocation', 'label': 'start', 'context': [<snowplow_tracker.self_describing_json.SelfDescribingJson object at 0x0000022723CFC490>, <snowplow_tracker.self_describing_json.SelfDescribingJson object at 0x0000022725C4EA90>, <snowplow_tracker.self_describing_json.SelfDescribingJson object at 0x0000022725C4E0D0>]}


============================== 10:52:31.284115 | 399d1e71-073e-4dc5-92dc-12f557744d69 ==============================
[0m10:52:31.284115 [info ] [MainThread]: Running with dbt=1.5.2
[0m10:52:31.285087 [debug] [MainThread]: running dbt with arguments {'printer_width': '80', 'indirect_selection': 'eager', 'write_json': 'True', 'log_cache_events': 'False', 'partial_parse': 'True', 'cache_selected_only': 'False', 'profiles_dir': 'C:\\Users\\NinadVishwasRathkant\\.dbt', 'version_check': 'True', 'debug': 'False', 'log_path': 'logs', 'fail_fast': 'False', 'warn_error': 'None', 'use_colors': 'True', 'use_experimental_parser': 'False', 'no_print': 'None', 'quiet': 'False', 'log_format': 'default', 'introspect': 'True', 'warn_error_options': 'WarnErrorOptions(include=[], exclude=[])', 'static_parser': 'True', 'target_path': 'None', 'send_anonymous_usage_stats': 'True'}
[0m10:52:31.286035 [info ] [MainThread]: dbt version: 1.5.2
[0m10:52:31.287034 [info ] [MainThread]: python version: 3.8.10
[0m10:52:31.288036 [info ] [MainThread]: python path: c:\users\ninadvishwasrathkant\.pyenv\pyenv-win\versions\3.8.10\python.exe
[0m10:52:31.289033 [info ] [MainThread]: os info: Windows-10-10.0.22621-SP0
[0m10:52:31.291085 [info ] [MainThread]: Using profiles.yml file at C:\Users\NinadVishwasRathkant\.dbt\profiles.yml
[0m10:52:31.292031 [info ] [MainThread]: Using dbt_project.yml file at C:\Users\NinadVishwasRathkant\Documents\Ninad-Test-POC\dbt_project.yml
[0m10:52:31.293035 [info ] [MainThread]: Configuration:
[0m10:52:31.546075 [info ] [MainThread]:   profiles.yml file [[32mOK found and valid[0m]
[0m10:52:31.548483 [info ] [MainThread]:   dbt_project.yml file [[31mERROR not found[0m]
[0m10:52:31.549641 [info ] [MainThread]: Required dependencies:
[0m10:52:31.551656 [debug] [MainThread]: Executing "git --help"
[0m10:52:31.629072 [debug] [MainThread]: STDOUT: "b"usage: git [-v | --version] [-h | --help] [-C <path>] [-c <name>=<value>]\n           [--exec-path[=<path>]] [--html-path] [--man-path] [--info-path]\n           [-p | --paginate | -P | --no-pager] [--no-replace-objects] [--bare]\n           [--git-dir=<path>] [--work-tree=<path>] [--namespace=<name>]\n           [--config-env=<name>=<envvar>] <command> [<args>]\n\nThese are common Git commands used in various situations:\n\nstart a working area (see also: git help tutorial)\n   clone     Clone a repository into a new directory\n   init      Create an empty Git repository or reinitialize an existing one\n\nwork on the current change (see also: git help everyday)\n   add       Add file contents to the index\n   mv        Move or rename a file, a directory, or a symlink\n   restore   Restore working tree files\n   rm        Remove files from the working tree and from the index\n\nexamine the history and state (see also: git help revisions)\n   bisect    Use binary search to find the commit that introduced a bug\n   diff      Show changes between commits, commit and working tree, etc\n   grep      Print lines matching a pattern\n   log       Show commit logs\n   show      Show various types of objects\n   status    Show the working tree status\n\ngrow, mark and tweak your common history\n   branch    List, create, or delete branches\n   commit    Record changes to the repository\n   merge     Join two or more development histories together\n   rebase    Reapply commits on top of another base tip\n   reset     Reset current HEAD to the specified state\n   switch    Switch branches\n   tag       Create, list, delete or verify a tag object signed with GPG\n\ncollaborate (see also: git help workflows)\n   fetch     Download objects and refs from another repository\n   pull      Fetch from and integrate with another repository or a local branch\n   push      Update remote refs along with associated objects\n\n'git help -a' and 'git help -g' list available subcommands and some\nconcept guides. See 'git help <command>' or 'git help <concept>'\nto read about a specific subcommand or concept.\nSee 'git help git' for an overview of the system.\n""
[0m10:52:31.629072 [debug] [MainThread]: STDERR: "b''"
[0m10:52:31.630359 [info ] [MainThread]:  - git [[32mOK found[0m]

[0m10:52:31.631383 [info ] [MainThread]: [31m1 check failed:[0m
[0m10:52:31.632382 [info ] [MainThread]: Could not load dbt_project.yml

[0m10:52:31.633392 [debug] [MainThread]: Command `dbt debug` failed at 10:52:31.633392 after 0.41 seconds
[0m10:52:31.634385 [debug] [MainThread]: Sending event: {'category': 'dbt', 'action': 'invocation', 'label': 'end', 'context': [<snowplow_tracker.self_describing_json.SelfDescribingJson object at 0x0000022723CFC490>, <snowplow_tracker.self_describing_json.SelfDescribingJson object at 0x0000022725C8BEB0>, <snowplow_tracker.self_describing_json.SelfDescribingJson object at 0x0000022725C8BD30>]}
[0m10:52:31.634385 [debug] [MainThread]: Flushing usage events
[0m10:56:00.940330 [debug] [MainThread]: Sending event: {'category': 'dbt', 'action': 'invocation', 'label': 'start', 'context': [<snowplow_tracker.self_describing_json.SelfDescribingJson object at 0x000001A2282CC460>, <snowplow_tracker.self_describing_json.SelfDescribingJson object at 0x000001A22A222A60>, <snowplow_tracker.self_describing_json.SelfDescribingJson object at 0x000001A22A2220A0>]}


============================== 10:56:00.940330 | 36a1165c-8ebe-4884-956d-cccbc958c512 ==============================
[0m10:56:00.940330 [info ] [MainThread]: Running with dbt=1.5.2
[0m10:56:00.949697 [debug] [MainThread]: running dbt with arguments {'printer_width': '80', 'indirect_selection': 'eager', 'log_cache_events': 'False', 'write_json': 'True', 'partial_parse': 'True', 'cache_selected_only': 'False', 'profiles_dir': 'C:\\Users\\NinadVishwasRathkant\\.dbt', 'debug': 'False', 'version_check': 'True', 'log_path': 'logs', 'warn_error': 'None', 'fail_fast': 'False', 'use_colors': 'True', 'use_experimental_parser': 'False', 'no_print': 'None', 'quiet': 'False', 'warn_error_options': 'WarnErrorOptions(include=[], exclude=[])', 'static_parser': 'True', 'log_format': 'default', 'introspect': 'True', 'target_path': 'None', 'send_anonymous_usage_stats': 'True'}
[0m10:56:00.949697 [info ] [MainThread]: dbt version: 1.5.2
[0m10:56:00.950705 [info ] [MainThread]: python version: 3.8.10
[0m10:56:00.952706 [info ] [MainThread]: python path: c:\users\ninadvishwasrathkant\.pyenv\pyenv-win\versions\3.8.10\python.exe
[0m10:56:00.953708 [info ] [MainThread]: os info: Windows-10-10.0.22621-SP0
[0m10:56:00.954706 [info ] [MainThread]: Using profiles.yml file at C:\Users\NinadVishwasRathkant\.dbt\profiles.yml
[0m10:56:00.955707 [info ] [MainThread]: Using dbt_project.yml file at C:\Users\NinadVishwasRathkant\Documents\Ninad-Test-POC\dbt_project.yml
[0m10:56:00.956707 [info ] [MainThread]: Configuration:
[0m10:56:01.194779 [info ] [MainThread]:   profiles.yml file [[32mOK found and valid[0m]
[0m10:56:01.194779 [info ] [MainThread]:   dbt_project.yml file [[31mERROR not found[0m]
[0m10:56:01.205479 [info ] [MainThread]: Required dependencies:
[0m10:56:01.206479 [debug] [MainThread]: Executing "git --help"
[0m10:56:01.283470 [debug] [MainThread]: STDOUT: "b"usage: git [-v | --version] [-h | --help] [-C <path>] [-c <name>=<value>]\n           [--exec-path[=<path>]] [--html-path] [--man-path] [--info-path]\n           [-p | --paginate | -P | --no-pager] [--no-replace-objects] [--bare]\n           [--git-dir=<path>] [--work-tree=<path>] [--namespace=<name>]\n           [--config-env=<name>=<envvar>] <command> [<args>]\n\nThese are common Git commands used in various situations:\n\nstart a working area (see also: git help tutorial)\n   clone     Clone a repository into a new directory\n   init      Create an empty Git repository or reinitialize an existing one\n\nwork on the current change (see also: git help everyday)\n   add       Add file contents to the index\n   mv        Move or rename a file, a directory, or a symlink\n   restore   Restore working tree files\n   rm        Remove files from the working tree and from the index\n\nexamine the history and state (see also: git help revisions)\n   bisect    Use binary search to find the commit that introduced a bug\n   diff      Show changes between commits, commit and working tree, etc\n   grep      Print lines matching a pattern\n   log       Show commit logs\n   show      Show various types of objects\n   status    Show the working tree status\n\ngrow, mark and tweak your common history\n   branch    List, create, or delete branches\n   commit    Record changes to the repository\n   merge     Join two or more development histories together\n   rebase    Reapply commits on top of another base tip\n   reset     Reset current HEAD to the specified state\n   switch    Switch branches\n   tag       Create, list, delete or verify a tag object signed with GPG\n\ncollaborate (see also: git help workflows)\n   fetch     Download objects and refs from another repository\n   pull      Fetch from and integrate with another repository or a local branch\n   push      Update remote refs along with associated objects\n\n'git help -a' and 'git help -g' list available subcommands and some\nconcept guides. See 'git help <command>' or 'git help <concept>'\nto read about a specific subcommand or concept.\nSee 'git help git' for an overview of the system.\n""
[0m10:56:01.284510 [debug] [MainThread]: STDERR: "b''"
[0m10:56:01.284510 [info ] [MainThread]:  - git [[32mOK found[0m]

[0m10:56:01.286640 [info ] [MainThread]: [31m1 check failed:[0m
[0m10:56:01.287682 [info ] [MainThread]: Could not load dbt_project.yml

[0m10:56:01.289652 [debug] [MainThread]: Command `dbt debug` failed at 10:56:01.289652 after 0.40 seconds
[0m10:56:01.289652 [debug] [MainThread]: Sending event: {'category': 'dbt', 'action': 'invocation', 'label': 'end', 'context': [<snowplow_tracker.self_describing_json.SelfDescribingJson object at 0x000001A2282CC460>, <snowplow_tracker.self_describing_json.SelfDescribingJson object at 0x000001A22A222100>, <snowplow_tracker.self_describing_json.SelfDescribingJson object at 0x000001A22A222790>]}
[0m10:56:01.290783 [debug] [MainThread]: Flushing usage events
